<?xml version="1.0" encoding="UTF-8" ?>
<testsuite failures="0" time="0.011" errors="0" skipped="0" tests="1" name="saif.projects.AppTest">
  <properties>
    <property name="java.runtime.name" value="Java(TM) SE Runtime Environment"/>
    <property name="sun.boot.library.path" value="c:\Program Files\Java\jdk1.6.0_27\jre\bin"/>
    <property name="java.vm.version" value="20.2-b01"/>
    <property name="java.vm.vendor" value="Sun Microsystems Inc."/>
    <property name="java.vendor.url" value="http://java.sun.com/"/>
    <property name="path.separator" value=";"/>
    <property name="java.vm.name" value="Java HotSpot(TM) 64-Bit Server VM"/>
    <property name="file.encoding.pkg" value="sun.io"/>
    <property name="user.country" value="NO"/>
    <property name="sun.java.launcher" value="SUN_STANDARD"/>
    <property name="sun.os.patch.level" value="Service Pack 1"/>
    <property name="java.vm.specification.name" value="Java Virtual Machine Specification"/>
    <property name="user.dir" value="c:\maven\hibernate3"/>
    <property name="java.runtime.version" value="1.6.0_27-ea-b01"/>
    <property name="java.awt.graphicsenv" value="sun.awt.Win32GraphicsEnvironment"/>
    <property name="basedir" value="c:\maven\hibernate3"/>
    <property name="java.endorsed.dirs" value="c:\Program Files\Java\jdk1.6.0_27\jre\lib\endorsed"/>
    <property name="os.arch" value="amd64"/>
    <property name="surefire.real.class.path" value="c:\maven\hibernate3\target\surefire\surefirebooter7747769255449241061.jar"/>
    <property name="java.io.tmpdir" value="C:\Users\saif\AppData\Local\Temp\"/>
    <property name="line.separator" value="
"/>
    <property name="java.vm.specification.vendor" value="Sun Microsystems Inc."/>
    <property name="user.variant" value=""/>
    <property name="os.name" value="Windows 7"/>
    <property name="sun.jnu.encoding" value="Cp1252"/>
    <property name="java.library.path" value="c:\Program Files\Java\jdk1.6.0_27\jre\bin;.;C:\Windows\Sun\Java\bin;C:\Windows\system32;C:\Windows;C:\Program Files\Java\jdk1.6.0_27\bin;C:\Program Files (x86)\PC Connectivity Solution\;C:\Program Files (x86)\MiKTeX 2.8\miktex\bin;C:\Windows\system32;C:\Windows;C:\Windows\System32\Wbem;C:\Windows\System32\WindowsPowerShell\v1.0\;C:\Program Files\WIDCOMM\Bluetooth Software\;C:\Program Files\WIDCOMM\Bluetooth Software\syswow64;C:\Program Files\MATLAB\R2010b\runtime\win64;C:\Program Files\MATLAB\R2010b\bin;C:\Program Files (x86)\QuickTime\QTSystem\;C:\Program Files\MySQL\MySQL Server 5.5\bin;c:\apache-maven-3.0.3-bin\apache-maven-3.0.3\bin\;c:\maven"/>
    <property name="surefire.test.class.path" value="c:\maven\hibernate3\target\test-classes;c:\maven\hibernate3\target\classes;C:\Users\saif\.m2\repository\junit\junit\3.8.1\junit-3.8.1.jar;C:\Users\saif\.m2\repository\org\hibernate\hibernate-core\3.6.5.Final\hibernate-core-3.6.5.Final.jar;C:\Users\saif\.m2\repository\antlr\antlr\2.7.6\antlr-2.7.6.jar;C:\Users\saif\.m2\repository\commons-collections\commons-collections\3.1\commons-collections-3.1.jar;C:\Users\saif\.m2\repository\dom4j\dom4j\1.6.1\dom4j-1.6.1.jar;C:\Users\saif\.m2\repository\org\hibernate\hibernate-commons-annotations\3.2.0.Final\hibernate-commons-annotations-3.2.0.Final.jar;C:\Users\saif\.m2\repository\org\hibernate\javax\persistence\hibernate-jpa-2.0-api\1.0.0.Final\hibernate-jpa-2.0-api-1.0.0.Final.jar;C:\Users\saif\.m2\repository\javax\transaction\jta\1.1\jta-1.1.jar;C:\Users\saif\.m2\repository\org\slf4j\slf4j-api\1.6.1\slf4j-api-1.6.1.jar;C:\Users\saif\.m2\repository\org\hibernate\hibernate-annotations\3.3.1.GA\hibernate-annotations-3.3.1.GA.jar;C:\Users\saif\.m2\repository\org\hibernate\hibernate\3.2.6.ga\hibernate-3.2.6.ga.jar;C:\Users\saif\.m2\repository\net\sf\ehcache\ehcache\1.2.3\ehcache-1.2.3.jar;C:\Users\saif\.m2\repository\asm\asm-attrs\1.5.3\asm-attrs-1.5.3.jar;C:\Users\saif\.m2\repository\cglib\cglib\2.1_3\cglib-2.1_3.jar;C:\Users\saif\.m2\repository\asm\asm\1.5.3\asm-1.5.3.jar;C:\Users\saif\.m2\repository\org\hibernate\ejb3-persistence\1.0.1.GA\ejb3-persistence-1.0.1.GA.jar;C:\Users\saif\.m2\repository\commons-logging\commons-logging\1.0.4\commons-logging-1.0.4.jar;C:\Users\saif\.m2\repository\mysql\mysql-connector-java\5.1.6\mysql-connector-java-5.1.6.jar;"/>
    <property name="java.specification.name" value="Java Platform API Specification"/>
    <property name="java.class.version" value="50.0"/>
    <property name="sun.management.compiler" value="HotSpot 64-Bit Tiered Compilers"/>
    <property name="os.version" value="6.1"/>
    <property name="user.home" value="C:\Users\saif"/>
    <property name="user.timezone" value=""/>
    <property name="java.awt.printerjob" value="sun.awt.windows.WPrinterJob"/>
    <property name="java.specification.version" value="1.6"/>
    <property name="file.encoding" value="Cp1252"/>
    <property name="user.name" value="saif"/>
    <property name="java.class.path" value="c:\maven\hibernate3\target\test-classes;c:\maven\hibernate3\target\classes;C:\Users\saif\.m2\repository\junit\junit\3.8.1\junit-3.8.1.jar;C:\Users\saif\.m2\repository\org\hibernate\hibernate-core\3.6.5.Final\hibernate-core-3.6.5.Final.jar;C:\Users\saif\.m2\repository\antlr\antlr\2.7.6\antlr-2.7.6.jar;C:\Users\saif\.m2\repository\commons-collections\commons-collections\3.1\commons-collections-3.1.jar;C:\Users\saif\.m2\repository\dom4j\dom4j\1.6.1\dom4j-1.6.1.jar;C:\Users\saif\.m2\repository\org\hibernate\hibernate-commons-annotations\3.2.0.Final\hibernate-commons-annotations-3.2.0.Final.jar;C:\Users\saif\.m2\repository\org\hibernate\javax\persistence\hibernate-jpa-2.0-api\1.0.0.Final\hibernate-jpa-2.0-api-1.0.0.Final.jar;C:\Users\saif\.m2\repository\javax\transaction\jta\1.1\jta-1.1.jar;C:\Users\saif\.m2\repository\org\slf4j\slf4j-api\1.6.1\slf4j-api-1.6.1.jar;C:\Users\saif\.m2\repository\org\hibernate\hibernate-annotations\3.3.1.GA\hibernate-annotations-3.3.1.GA.jar;C:\Users\saif\.m2\repository\org\hibernate\hibernate\3.2.6.ga\hibernate-3.2.6.ga.jar;C:\Users\saif\.m2\repository\net\sf\ehcache\ehcache\1.2.3\ehcache-1.2.3.jar;C:\Users\saif\.m2\repository\asm\asm-attrs\1.5.3\asm-attrs-1.5.3.jar;C:\Users\saif\.m2\repository\cglib\cglib\2.1_3\cglib-2.1_3.jar;C:\Users\saif\.m2\repository\asm\asm\1.5.3\asm-1.5.3.jar;C:\Users\saif\.m2\repository\org\hibernate\ejb3-persistence\1.0.1.GA\ejb3-persistence-1.0.1.GA.jar;C:\Users\saif\.m2\repository\commons-logging\commons-logging\1.0.4\commons-logging-1.0.4.jar;C:\Users\saif\.m2\repository\mysql\mysql-connector-java\5.1.6\mysql-connector-java-5.1.6.jar;"/>
    <property name="java.vm.specification.version" value="1.0"/>
    <property name="sun.arch.data.model" value="64"/>
    <property name="java.home" value="c:\Program Files\Java\jdk1.6.0_27\jre"/>
    <property name="sun.java.command" value="c:\maven\hibernate3\target\surefire\surefirebooter7747769255449241061.jar c:\maven\hibernate3\target\surefire\surefire6632270319122331628tmp c:\maven\hibernate3\target\surefire\surefire8654538949569070588tmp"/>
    <property name="java.specification.vendor" value="Sun Microsystems Inc."/>
    <property name="user.language" value="no"/>
    <property name="awt.toolkit" value="sun.awt.windows.WToolkit"/>
    <property name="java.vm.info" value="mixed mode"/>
    <property name="java.version" value="1.6.0_27-ea"/>
    <property name="java.ext.dirs" value="c:\Program Files\Java\jdk1.6.0_27\jre\lib\ext;C:\Windows\Sun\Java\lib\ext"/>
    <property name="sun.boot.class.path" value="c:\Program Files\Java\jdk1.6.0_27\jre\lib\resources.jar;c:\Program Files\Java\jdk1.6.0_27\jre\lib\rt.jar;c:\Program Files\Java\jdk1.6.0_27\jre\lib\sunrsasign.jar;c:\Program Files\Java\jdk1.6.0_27\jre\lib\jsse.jar;c:\Program Files\Java\jdk1.6.0_27\jre\lib\jce.jar;c:\Program Files\Java\jdk1.6.0_27\jre\lib\charsets.jar;c:\Program Files\Java\jdk1.6.0_27\jre\lib\modules\jdk.boot.jar;c:\Program Files\Java\jdk1.6.0_27\jre\classes"/>
    <property name="java.vendor" value="Sun Microsystems Inc."/>
    <property name="localRepository" value="C:\Users\saif\.m2\repository"/>
    <property name="file.separator" value="\"/>
    <property name="java.vendor.url.bug" value="http://java.sun.com/cgi-bin/bugreport.cgi"/>
    <property name="sun.cpu.endian" value="little"/>
    <property name="sun.io.unicode.encoding" value="UnicodeLittle"/>
    <property name="sun.desktop" value="windows"/>
    <property name="sun.cpu.isalist" value="amd64"/>
  </properties>
  <testcase time="0.001" classname="saif.projects.AppTest" name="testApp"/>
</testsuite>